============================
[debug] Begin to login ...
[debug] Form url:  http://jkgc.hrbeu.edu.cn/infoplus/form/9338970/render
[debug] Form Status:  SUCCEED
[debug] Form stJson:  {'errno': 0, 'ecode': 'SUCCEED', 'entities': [{'stepId': 2, 'name': '办结', 'code': 'autoStep1', 'status': 0, 'type': 'Auto', 'flowStepId': 0, 'executorSelection': 0, 'timestamp': 0, 'posts': [], 'users': [], 'parallel': False, 'hasInstantNotification': False, 'hasCarbonCopy': False, 'entryId': 9270476, 'entryStatus': 0, 'entryRelease': False}]}
[info] Checkin succeed with jsoncode SUCCEED
:.:.:.:.: Finally :.:.:.:.:
[info] Notification sended at 2021-08-12 17:15:42 Thursday
[info] Task Finished at 2021-08-12 17:15:42 Thursday
============================

============================
[debug] Begin to login ...
[debug] Form url:  http://jkgc.hrbeu.edu.cn/infoplus/form/9341271/render
[debug] Form Status:  SUCCEED
[debug] Form stJson:  {'errno': 0, 'ecode': 'SUCCEED', 'entities': [{'stepId': 2, 'name': '办结', 'code': 'autoStep1', 'status': 0, 'type': 'Auto', 'flowStepId': 0, 'executorSelection': 0, 'timestamp': 0, 'posts': [], 'users': [], 'parallel': False, 'hasInstantNotification': False, 'hasCarbonCopy': False, 'entryId': 9272777, 'entryStatus': 0, 'entryRelease': False}]}
[info] Checkin succeed with jsoncode SUCCEED
:.:.:.:.: Finally :.:.:.:.:
[info] Notification sended at 2021-08-13 07:06:47 Friday
[info] Task Finished at 2021-08-13 07:06:47 Friday
============================

============================
[debug] Begin to login ...
[debug] Form url:  http://jkgc.hrbeu.edu.cn/infoplus/form/9346796/render
[debug] Form Status:  SUCCEED
[debug] Form stJson:  {'errno': 0, 'ecode': 'SUCCEED', 'entities': [{'stepId': 2, 'name': '办结', 'code': 'autoStep1', 'status': 0, 'type': 'Auto', 'flowStepId': 0, 'executorSelection': 0, 'timestamp': 0, 'posts': [], 'users': [], 'parallel': False, 'hasInstantNotification': False, 'hasCarbonCopy': False, 'entryId': 9278302, 'entryStatus': 0, 'entryRelease': False}]}
[info] Checkin succeed with jsoncode SUCCEED
:.:.:.:.: Finally :.:.:.:.:
[info] Notification sended at 2021-08-13 08:23:03 Friday
[info] Task Finished at 2021-08-13 08:23:03 Friday
============================

============================
[debug] Begin to login ...
[debug] Form url:  http://jkgc.hrbeu.edu.cn/infoplus/form/9365937/render
[debug] Form Status:  SUCCEED
[debug] Form stJson:  {'errno': 0, 'ecode': 'SUCCEED', 'entities': [{'stepId': 2, 'name': '办结', 'code': 'autoStep1', 'status': 0, 'type': 'Auto', 'flowStepId': 0, 'executorSelection': 0, 'timestamp': 0, 'posts': [], 'users': [], 'parallel': False, 'hasInstantNotification': False, 'hasCarbonCopy': False, 'entryId': 9297443, 'entryStatus': 0, 'entryRelease': False}]}
[info] Checkin succeed with jsoncode SUCCEED
:.:.:.:.: Finally :.:.:.:.:
[info] Notification sended at 2021-08-14 07:06:46 Saturday
[info] Task Finished at 2021-08-14 07:06:46 Saturday
============================

============================
[debug] Begin to login ...
[debug] Form url:  http://jkgc.hrbeu.edu.cn/infoplus/form/9371965/render
[debug] Form Status:  SUCCEED
[debug] Form stJson:  {'errno': 0, 'ecode': 'SUCCEED', 'entities': [{'stepId': 2, 'name': '办结', 'code': 'autoStep1', 'status': 0, 'type': 'Auto', 'flowStepId': 0, 'executorSelection': 0, 'timestamp': 0, 'posts': [], 'users': [], 'parallel': False, 'hasInstantNotification': False, 'hasCarbonCopy': False, 'entryId': 9303471, 'entryStatus': 0, 'entryRelease': False}]}
[info] Checkin succeed with jsoncode SUCCEED
:.:.:.:.: Finally :.:.:.:.:
[info] Notification sended at 2021-08-14 08:21:22 Saturday
[info] Task Finished at 2021-08-14 08:21:22 Saturday
============================

============================
[debug] Begin to login ...
[debug] Form url:  http://jkgc.hrbeu.edu.cn/infoplus/form/9431821/render
[debug] Form Status:  SUCCEED
[debug] Form stJson:  {'errno': 0, 'ecode': 'SUCCEED', 'entities': [{'stepId': 2, 'name': '办结', 'code': 'autoStep1', 'status': 0, 'type': 'Auto', 'flowStepId': 0, 'executorSelection': 0, 'timestamp': 0, 'posts': [], 'users': [], 'parallel': False, 'hasInstantNotification': False, 'hasCarbonCopy': False, 'entryId': 9363327, 'entryStatus': 0, 'entryRelease': False}]}
[info] Checkin succeed with jsoncode SUCCEED
:.:.:.:.: Finally :.:.:.:.:
[info] Notification sended at 2021-08-15 07:06:13 Sunday
[info] Task Finished at 2021-08-15 07:06:13 Sunday
============================

============================
[debug] Begin to login ...
[debug] Form url:  http://jkgc.hrbeu.edu.cn/infoplus/form/9444023/render
[debug] Form Status:  SUCCEED
[debug] Form stJson:  {'errno': 0, 'ecode': 'SUCCEED', 'entities': [{'stepId': 2, 'name': '办结', 'code': 'autoStep1', 'status': 0, 'type': 'Auto', 'flowStepId': 0, 'executorSelection': 0, 'timestamp': 0, 'posts': [], 'users': [], 'parallel': False, 'hasInstantNotification': False, 'hasCarbonCopy': False, 'entryId': 9375529, 'entryStatus': 0, 'entryRelease': False}]}
[info] Checkin succeed with jsoncode SUCCEED
:.:.:.:.: Finally :.:.:.:.:
[info] Notification sended at 2021-08-15 08:23:10 Sunday
[info] Task Finished at 2021-08-15 08:23:10 Sunday
============================

============================
[debug] Begin to login ...
[debug] Form url:  http://jkgc.hrbeu.edu.cn/infoplus/form/9494263/render
[debug] Form Status:  SUCCEED
[debug] Form stJson:  {'errno': 0, 'ecode': 'SUCCEED', 'entities': [{'stepId': 2, 'name': '办结', 'code': 'autoStep1', 'status': 0, 'type': 'Auto', 'flowStepId': 0, 'executorSelection': 0, 'timestamp': 0, 'posts': [], 'users': [], 'parallel': False, 'hasInstantNotification': False, 'hasCarbonCopy': False, 'entryId': 9425769, 'entryStatus': 0, 'entryRelease': False}]}
[info] Checkin succeed with jsoncode SUCCEED
:.:.:.:.: Finally :.:.:.:.:
[info] Notification sended at 2021-08-16 07:06:30 Monday
[info] Task Finished at 2021-08-16 07:06:30 Monday
============================

