=========================
[debug] Login CAS Success...
[debug] Form Loaded...
[debug] Checkbox Checked...
[debug] Form Submitted...
[debug] 平安行动:填报健康信息(已完成)
[info] Checkin Success!
[info] End at 2021-08-12 17:18:02 +0800.
=========================
[info] Log Sent at 2021-08-12 17:18:03 Thursday
=========================

=========================
[debug] Login CAS Success...
[debug] Form Loaded...
[debug] Checkbox Checked...
[debug] Form Submitted...
[debug] 平安行动:填报健康信息(已完成)
[info] Checkin Success!
[info] End at 2021-08-13 07:39:09 +0800.
=========================
[info] Log Sent at 2021-08-13 07:39:10 Friday
=========================

=========================
[debug] Login CAS Success...
[debug] Form Loaded...
[debug] Checkbox Checked...
[debug] Form Submitted...
[debug] 平安行动:填报健康信息(已完成)
[info] Checkin Success!
[info] End at 2021-08-13 09:38:46 +0800.
=========================
[info] Log Sent at 2021-08-13 09:38:51 Friday
=========================

=========================
[debug] Login CAS Success...
[debug] Form Loaded...
[debug] Checkbox Checked...
[info] Log Sent at 2021-08-14 07:40:43 Saturday
=========================

=========================
[debug] Login CAS Success...
[debug] Form Loaded...
[debug] Checkbox Checked...
[info] Log Sent at 2021-08-14 09:36:24 Saturday
=========================

=========================
[debug] Login CAS Success...
[debug] Form Loaded...
[debug] Checkbox Checked...
[info] Log Sent at 2021-08-15 07:40:29 Sunday
=========================

=========================
[debug] Login CAS Success...
[debug] Form Loaded...
[debug] Checkbox Checked...
[info] Log Sent at 2021-08-15 09:39:13 Sunday
=========================

=========================
[debug] Login CAS Success...
[debug] Form Loaded...
[debug] Checkbox Checked...
[info] Log Sent at 2021-08-16 07:40:50 Monday
=========================

=========================
[debug] Login CAS Success...
[debug] Form Loaded...
[debug] Checkbox Checked...
[info] Log Sent at 2021-08-16 09:38:27 Monday
=========================

=========================
[debug] Login CAS Success...
[debug] Form Loaded...
[debug] Checkbox Checked...
[info] Log Sent at 2021-08-17 07:39:48 Tuesday
=========================

=========================
[debug] Login CAS Success...
[debug] Form Loaded...
[debug] Checkbox Checked...
[info] Log Sent at 2021-08-17 09:38:34 Tuesday
=========================

